{
  message: 'Failed to lookup view "admin/product/create" in views directory "C:\\Users\\Yasin\\OneDrive\\Masaüstü\\Web Geliştirme\\Back-End\\Örnek Projeler\\myChef\\views"',
  level: 'error',
  timestamp: '28/11/2023 20:14:22'
}
{
  message: "Cannot read properties of undefined (reading 'productName')",
  level: 'error',
  timestamp: '28/11/2023 20:27:51'
}
{
  message: "Cannot read properties of undefined (reading 'productName')",
  level: 'error',
  timestamp: '28/11/2023 20:28:21'
}
{
  message: "Cannot read properties of undefined (reading 'productName')",
  level: 'error',
  timestamp: '28/11/2023 20:29:15'
}
{
  message: "Cannot read properties of undefined (reading 'productName')",
  level: 'error',
  timestamp: '28/11/2023 20:30:10'
}
{
  message: "Cannot read properties of undefined (reading 'productName')",
  level: 'error',
  timestamp: '28/11/2023 20:30:23'
}
{ level: 'error', timestamp: '28/11/2023 20:31:33' }
{
  message: 'C:\\Users\\Yasin\\OneDrive\\Masaüstü\\Web Geliştirme\\Back-End\\Örnek Projeler\\myChef\\views\\admin\\products.ejs:72\n' +
    '    70|                                                         <div class="modal-footer">\r\n' +
    '    71|                                                               <button type="button" class="btn btn-secondary" data-bs-dismiss="modal">Close</button>\r\n' +
    ' >> 72|                                                             <form action="/admin/category/delete/<%= category._id %>" method="post">\r\n' +
    '    73|                                                                 <input type="hidden" name="categoryId" value="<%= category._id %>">\r\n' +
    '    74|                                                                 <input type="hidden" name="categoryImg" value="<%= category.categoryImg %>">\r\n' +
    '    75|                                                                 <button type="submit" class="btn btn-danger">Delete</button>\r\n' +
    '\n' +
    'category is not defined',
  level: 'error',
  timestamp: '28/11/2023 20:57:04'
}
{
  message: 'C:\\Users\\Yasin\\OneDrive\\Masaüstü\\Web Geliştirme\\Back-End\\Örnek Projeler\\myChef\\views\\admin\\products.ejs:73\n' +
    '    71|                                                         <div class="modal-footer">\r\n' +
    '    72|                                                               <button type="button" class="btn btn-secondary" data-bs-dismiss="modal">Close</button>\r\n' +
    ' >> 73|                                                             <form action="/admin/category/delete/<%= category._id %>" method="post">\r\n' +
    '    74|                                                                 <input type="hidden" name="categoryId" value="<%= category._id %>">\r\n' +
    '    75|                                                                 <input type="hidden" name="categoryImg" value="<%= category.categoryImg %>">\r\n' +
    '    76|                                                                 <button type="submit" class="btn btn-danger">Delete</button>\r\n' +
    '\n' +
    'category is not defined',
  level: 'error',
  timestamp: '28/11/2023 20:59:13'
}
{
  message: 'C:\\Users\\Yasin\\OneDrive\\Masaüstü\\Web Geliştirme\\Back-End\\Örnek Projeler\\myChef\\views\\admin\\product-edit.ejs:44\n' +
    '    42|                     <div class="mb-4 row">\r\n' +
    '    43|                         <div class="form-check">\r\n' +
    ' >> 44|                             <input class="form-check-input" type="checkbox"  id="isActive" name="isActive" value="<%= (product.isActive==true)? checked:"" %>">\r\n' +
    '    45|                             <label class="form-check-label" for="isActive">Publish The Product</label>\r\n' +
    '    46|                     </div>\r\n' +
    '    47|                     <div class="mt-5 d-end">\r\n' +
    '\n' +
    'checked is not defined',
  level: 'error',
  timestamp: '28/11/2023 21:14:06'
}
{
  message: "Cannot access 'productName' before initialization",
  level: 'error',
  timestamp: '29/11/2023 10:01:47'
}
{
  message: "Cannot access 'productName' before initialization",
  level: 'error',
  timestamp: '29/11/2023 10:01:56'
}
{
  message: "Cannot access 'productName' before initialization",
  level: 'error',
  timestamp: '29/11/2023 10:02:02'
}
{
  message: "Cannot access 'productName' before initialization",
  level: 'error',
  timestamp: '29/11/2023 10:02:40'
}
{
  message: "Cannot access 'productName' before initialization",
  level: 'error',
  timestamp: '29/11/2023 10:05:06'
}
{
  message: "Cannot access 'productName' before initialization",
  level: 'error',
  timestamp: '29/11/2023 10:05:17'
}
{
  errno: -4058,
  code: 'ENOENT',
  syscall: 'unlink',
  path: 'C:\\Users\\Yasin\\OneDrive\\Masaüstü\\Web Geliştirme\\Back-End\\Örnek Projeler\\myChef\\public\\images\\undefined',
  level: 'error',
  message: "Category informations is edited but Category Image couldn't deleted ENOENT: no such file or directory, unlink 'C:\\Users\\Yasin\\OneDrive\\Masaüstü\\Web Geliştirme\\Back-End\\Örnek Projeler\\myChef\\public\\images\\undefined'",
  stack: "Error: ENOENT: no such file or directory, unlink 'C:\\Users\\Yasin\\OneDrive\\Masaüstü\\Web Geliştirme\\Back-End\\Örnek Projeler\\myChef\\public\\images\\undefined'",
  timestamp: '29/11/2023 10:07:03'
}
{
  level: 'error',
  message: 'Undeleted Image: ',
  timestamp: '29/11/2023 10:07:03'
}
{
  errno: -4058,
  code: 'ENOENT',
  syscall: 'unlink',
  path: 'C:\\Users\\Yasin\\OneDrive\\Masaüstü\\Web Geliştirme\\Back-End\\Örnek Projeler\\myChef\\public\\images\\undefined',
  level: 'error',
  message: "Category informations is edited but Category Image couldn't deleted ENOENT: no such file or directory, unlink 'C:\\Users\\Yasin\\OneDrive\\Masaüstü\\Web Geliştirme\\Back-End\\Örnek Projeler\\myChef\\public\\images\\undefined'",
  stack: "Error: ENOENT: no such file or directory, unlink 'C:\\Users\\Yasin\\OneDrive\\Masaüstü\\Web Geliştirme\\Back-End\\Örnek Projeler\\myChef\\public\\images\\undefined'",
  timestamp: '29/11/2023 10:08:04'
}
{
  level: 'error',
  message: 'Undeleted Image: ',
  timestamp: '29/11/2023 10:08:04'
}
{
  message: 'C:\\Users\\Yasin\\OneDrive\\Masaüstü\\Web Geliştirme\\Back-End\\Örnek Projeler\\myChef\\views\\admin\\product-edit.ejs:17\n' +
    '    15|                         <label for="productName" class="col-sm-2 col-form-label">Product Name:</label>\r\n' +
    '    16|                         <div class="col-sm-10">\r\n' +
    ' >> 17|                             <input type="text" class="form-control" id="productName" name="productName" value="<%= product.productName %>">\r\n' +
    '    18|                         </div>\r\n' +
    '    19|                     </div>\r\n' +
    '    20|                     <div class="mb-4 row">\r\n' +
    '\n' +
    "Cannot read properties of null (reading 'productName')",
  level: 'error',
  timestamp: '29/11/2023 12:12:54'
}
{
  message: 'C:\\Users\\Yasin\\OneDrive\\Masaüstü\\Web Geliştirme\\Back-End\\Örnek Projeler\\myChef\\views\\admin\\product-edit.ejs:17\n' +
    '    15|                         <label for="productName" class="col-sm-2 col-form-label">Product Name:</label>\r\n' +
    '    16|                         <div class="col-sm-10">\r\n' +
    ' >> 17|                             <input type="text" class="form-control" id="productName" name="productName" value="<%= product.productName %>">\r\n' +
    '    18|                         </div>\r\n' +
    '    19|                     </div>\r\n' +
    '    20|                     <div class="mb-4 row">\r\n' +
    '\n' +
    "Cannot read properties of null (reading 'productName')",
  level: 'error',
  timestamp: '29/11/2023 12:16:24'
}
{
  message: 'C:\\Users\\Yasin\\OneDrive\\Masaüstü\\Web Geliştirme\\Back-End\\Örnek Projeler\\myChef\\views\\admin\\product-edit.ejs:17\n' +
    '    15|                         <label for="productName" class="col-sm-2 col-form-label">Product Name:</label>\r\n' +
    '    16|                         <div class="col-sm-10">\r\n' +
    ' >> 17|                             <input type="text" class="form-control" id="productName" name="productName" value="<%= product.productName %>">\r\n' +
    '    18|                         </div>\r\n' +
    '    19|                     </div>\r\n' +
    '    20|                     <div class="mb-4 row">\r\n' +
    '\n' +
    "Cannot read properties of null (reading 'productName')",
  level: 'error',
  timestamp: '29/11/2023 12:19:14'
}
{
  message: 'C:\\Users\\Yasin\\OneDrive\\Masaüstü\\Web Geliştirme\\Back-End\\Örnek Projeler\\myChef\\views\\admin\\product-edit.ejs:17\n' +
    '    15|                         <label for="productName" class="col-sm-2 col-form-label">Product Name:</label>\r\n' +
    '    16|                         <div class="col-sm-10">\r\n' +
    ' >> 17|                             <input type="text" class="form-control" id="productName" name="productName" value="<%= product.productName %>">\r\n' +
    '    18|                         </div>\r\n' +
    '    19|                     </div>\r\n' +
    '    20|                     <div class="mb-4 row">\r\n' +
    '\n' +
    "Cannot read properties of null (reading 'productName')",
  level: 'error',
  timestamp: '29/11/2023 12:19:15'
}
{
  message: 'C:\\Users\\Yasin\\OneDrive\\Masaüstü\\Web Geliştirme\\Back-End\\Örnek Projeler\\myChef\\views\\admin\\product-edit.ejs:17\n' +
    '    15|                         <label for="productName" class="col-sm-2 col-form-label">Product Name:</label>\r\n' +
    '    16|                         <div class="col-sm-10">\r\n' +
    ' >> 17|                             <input type="text" class="form-control" id="productName" name="productName" value="<%= product.productName %>">\r\n' +
    '    18|                         </div>\r\n' +
    '    19|                     </div>\r\n' +
    '    20|                     <div class="mb-4 row">\r\n' +
    '\n' +
    "Cannot read properties of null (reading 'productName')",
  level: 'error',
  timestamp: '29/11/2023 12:19:19'
}
{
  message: 'C:\\Users\\Yasin\\OneDrive\\Masaüstü\\Web Geliştirme\\Back-End\\Örnek Projeler\\myChef\\views\\admin\\product-edit.ejs:17\n' +
    '    15|                         <label for="productName" class="col-sm-2 col-form-label">Product Name:</label>\r\n' +
    '    16|                         <div class="col-sm-10">\r\n' +
    ' >> 17|                             <input type="text" class="form-control" id="productName" name="productName" value="<%= product.productName %>">\r\n' +
    '    18|                         </div>\r\n' +
    '    19|                     </div>\r\n' +
    '    20|                     <div class="mb-4 row">\r\n' +
    '\n' +
    "Cannot read properties of null (reading 'productName')",
  level: 'error',
  timestamp: '29/11/2023 12:19:47'
}
{
  message: 'C:\\Users\\Yasin\\OneDrive\\Masaüstü\\Web Geliştirme\\Back-End\\Örnek Projeler\\myChef\\views\\admin\\product-edit.ejs:17\n' +
    '    15|                         <label for="productName" class="col-sm-2 col-form-label">Product Name:</label>\r\n' +
    '    16|                         <div class="col-sm-10">\r\n' +
    ' >> 17|                             <input type="text" class="form-control" id="productName" name="productName" value="<%= product.productName %>">\r\n' +
    '    18|                         </div>\r\n' +
    '    19|                     </div>\r\n' +
    '    20|                     <div class="mb-4 row">\r\n' +
    '\n' +
    "Cannot read properties of null (reading 'productName')",
  level: 'error',
  timestamp: '29/11/2023 12:19:51'
}
{
  message: 'C:\\Users\\Yasin\\OneDrive\\Masaüstü\\Web Geliştirme\\Back-End\\Örnek Projeler\\myChef\\views\\admin\\product-edit.ejs:17\n' +
    '    15|                         <label for="productName" class="col-sm-2 col-form-label">Product Name:</label>\r\n' +
    '    16|                         <div class="col-sm-10">\r\n' +
    ' >> 17|                             <input type="text" class="form-control" id="productName" name="productName" value="<%= product.productName %>">\r\n' +
    '    18|                         </div>\r\n' +
    '    19|                     </div>\r\n' +
    '    20|                     <div class="mb-4 row">\r\n' +
    '\n' +
    "Cannot read properties of null (reading 'productName')",
  level: 'error',
  timestamp: '29/11/2023 12:21:19'
}
{
  message: 'C:\\Users\\Yasin\\OneDrive\\Masaüstü\\Web Geliştirme\\Back-End\\Örnek Projeler\\myChef\\views\\admin\\product-edit.ejs:17\n' +
    '    15|                         <label for="productName" class="col-sm-2 col-form-label">Product Name:</label>\r\n' +
    '    16|                         <div class="col-sm-10">\r\n' +
    ' >> 17|                             <input type="text" class="form-control" id="productName" name="productName" value="<%= product.productName %>">\r\n' +
    '    18|                         </div>\r\n' +
    '    19|                     </div>\r\n' +
    '    20|                     <div class="mb-4 row">\r\n' +
    '\n' +
    "Cannot read properties of null (reading 'productName')",
  level: 'error',
  timestamp: '29/11/2023 12:23:04'
}
{
  message: 'C:\\Users\\Yasin\\OneDrive\\Masaüstü\\Web Geliştirme\\Back-End\\Örnek Projeler\\myChef\\views\\admin\\product-edit.ejs:17\n' +
    '    15|                         <label for="productName" class="col-sm-2 col-form-label">Product Name:</label>\r\n' +
    '    16|                         <div class="col-sm-10">\r\n' +
    ' >> 17|                             <input type="text" class="form-control" id="productName" name="productName" value="<%= product.productName %>">\r\n' +
    '    18|                         </div>\r\n' +
    '    19|                     </div>\r\n' +
    '    20|                     <div class="mb-4 row">\r\n' +
    '\n' +
    "Cannot read properties of null (reading 'productName')",
  level: 'error',
  timestamp: '29/11/2023 12:23:28'
}
{
  message: 'C:\\Users\\Yasin\\OneDrive\\Masaüstü\\Web Geliştirme\\Back-End\\Örnek Projeler\\myChef\\views\\admin\\product-edit.ejs:17\n' +
    '    15|                         <label for="productName" class="col-sm-2 col-form-label">Product Name:</label>\r\n' +
    '    16|                         <div class="col-sm-10">\r\n' +
    ' >> 17|                             <input type="text" class="form-control" id="productName" name="productName" value="<%= product.productName %>">\r\n' +
    '    18|                         </div>\r\n' +
    '    19|                     </div>\r\n' +
    '    20|                     <div class="mb-4 row">\r\n' +
    '\n' +
    "Cannot read properties of null (reading 'productName')",
  level: 'error',
  timestamp: '29/11/2023 12:24:06'
}
{
  message: 'C:\\Users\\Yasin\\OneDrive\\Masaüstü\\Web Geliştirme\\Back-End\\Örnek Projeler\\myChef\\views\\admin\\product-edit.ejs:17\n' +
    '    15|                         <label for="productName" class="col-sm-2 col-form-label">Product Name:</label>\r\n' +
    '    16|                         <div class="col-sm-10">\r\n' +
    ' >> 17|                             <input type="text" class="form-control" id="productName" name="productName" value="<%= product.productName %>">\r\n' +
    '    18|                         </div>\r\n' +
    '    19|                     </div>\r\n' +
    '    20|                     <div class="mb-4 row">\r\n' +
    '\n' +
    "Cannot read properties of null (reading 'productName')",
  level: 'error',
  timestamp: '29/11/2023 12:24:09'
}
{
  message: "Product is deleted but productImg tea-1701194224260.jpg couldn't delete",
  level: 'error',
  timestamp: '29/11/2023 12:35:14'
}
{
  message: "Product is deleted but productImg red-bull-1701249929212.jpg couldn't delete",
  level: 'error',
  timestamp: '29/11/2023 12:36:00'
}
{
  message: 'Cannot populate path `categoryName` because it is not in your schema. Set the `strictPopulate` option to false to override.',
  level: 'error',
  timestamp: '29/11/2023 13:10:18'
}
{
  message: 'C:\\Users\\Yasin\\OneDrive\\Masaüstü\\Web Geliştirme\\Back-End\\Örnek Projeler\\myChef\\views\\admin\\products.ejs:34\n' +
    '    32|                                     </td>\r\n' +
    '    33|                                     <td><%= product.productName %></td>\r\n' +
    ' >> 34|                                     <td><% products.categories.forEach(category => { %>\r\n' +
    '    35|                                         <p><%= category.categoryName %></p>\r\n' +
    '    36|                                     <% }) %></td>\r\n' +
    '    37|                                     <td><%= product.productPrice %></td>\r\n' +
    '\n' +
    "Cannot read properties of undefined (reading 'forEach')",
  level: 'error',
  timestamp: '29/11/2023 13:17:01'
}
{
  message: 'prd is not defined',
  level: 'error',
  timestamp: '29/11/2023 13:18:49'
}
{
  message: 'products.categories is not iterable',
  level: 'error',
  timestamp: '29/11/2023 13:19:19'
}
{
  message: 'products.categories is not iterable',
  level: 'error',
  timestamp: '29/11/2023 13:19:32'
}
{
  message: 'C:\\Users\\Yasin\\OneDrive\\Masaüstü\\Web Geliştirme\\Back-End\\Örnek Projeler\\myChef\\views\\admin\\product-edit.ejs:48\n' +
    '    46|                             <div class="mb-4 row">\r\n' +
    '    47|                                 <h4 class="border-bottom pb-3">Categories</h4>\r\n' +
    ' >> 48|                                 <% categories.forEach(category => { %>                                 \r\n' +
    '    49|                                     <div class="form-check">\r\n' +
    '    50|                                         <input class="form-check-input" type="checkbox"  id="category_<%= category._id %>" name="categories[]">\r\n' +
    '    51|                                         <label class="form-check-label" for="category_<%= category._id %>"><%= category.categoryName %></label>\r\n' +
    '\n' +
    'categories is not defined',
  level: 'error',
  timestamp: '29/11/2023 14:58:07'
}
{
  message: 'C:\\Users\\Yasin\\OneDrive\\Masaüstü\\Web Geliştirme\\Back-End\\Örnek Projeler\\myChef\\views\\admin\\product-edit.ejs:48\n' +
    '    46|                             <div class="mb-4 row">\r\n' +
    '    47|                                 <h4 class="border-bottom pb-3">Categories</h4>\r\n' +
    ' >> 48|                                 <% categories.forEach(category => { %>                                 \r\n' +
    '    49|                                     <div class="form-check">\r\n' +
    '    50|                                         <input class="form-check-input" type="checkbox"  id="category_<%= category._id %>" name="categories[]">\r\n' +
    '    51|                                         <label class="form-check-label" for="category_<%= category._id %>"><%= category.categoryName %></label>\r\n' +
    '\n' +
    'categories is not defined',
  level: 'error',
  timestamp: '29/11/2023 14:58:46'
}
{
  message: 'Cannot populate path `Category` because it is not in your schema. Set the `strictPopulate` option to false to override.',
  level: 'error',
  timestamp: '29/11/2023 15:59:45'
}
{
  message: 'C:\\Users\\Yasin\\OneDrive\\Masaüstü\\Web Geliştirme\\Back-End\\Örnek Projeler\\myChef\\views\\admin\\category-edit.ejs:37\n' +
    '    35|                 <div class="col-12">\r\n' +
    '    36|                 <h3 class="text-center mb-5">Products Of Category</h3>\r\n' +
    ' >> 37|                 <h6>Product Count: <%= product.categories.length %></h6>\r\n' +
    '    38|                 <hr>\r\n' +
    '    39|                 <form action="" method="post">\r\n' +
    '    40|                     <div class="mb-2 category-list-table table-responsive">\r\n' +
    '\n' +
    'product is not defined',
  level: 'error',
  timestamp: '29/11/2023 16:01:19'
}
{
  message: "Cannot read properties of undefined (reading 'products')",
  level: 'error',
  timestamp: '29/11/2023 16:35:41'
}
{
  message: "Cannot read properties of undefined (reading 'products')",
  level: 'error',
  timestamp: '29/11/2023 16:36:08'
}
{
  message: "Cannot read properties of undefined (reading 'products')",
  level: 'error',
  timestamp: '29/11/2023 16:36:18'
}
{
  message: "Cannot read properties of undefined (reading 'products')",
  level: 'error',
  timestamp: '29/11/2023 16:36:48'
}
{
  message: "Cannot read properties of undefined (reading 'categories')",
  level: 'error',
  timestamp: '29/11/2023 16:39:16'
}
{
  message: 'C:\\Users\\Yasin\\OneDrive\\Masaüstü\\Web Geliştirme\\Back-End\\Örnek Projeler\\myChef\\views\\admin\\role-edit.ejs:19\n' +
    '    17|                                 <div class="col-xl-10 col-md-12 ">\r\n' +
    '    18|                                     <label class="visually-hidden" for="roleName">Role Name: </label>\r\n' +
    ' >> 19|                                     <input type="text" class="form-control" id="roleName" placeholder="role Name" name="roleName" value="<%= role.roleName %>">\r\n' +
    '    20|                                 </div>\r\n' +
    '    21|                                 <div class="col-xl-1 col-md-12 text-center">\r\n' +
    '    22|                                     <button type="submit" class="btn btn-danger ">Create</button>\r\n' +
    '\n' +
    "Cannot read properties of null (reading 'roleName')",
  level: 'error',
  timestamp: '29/11/2023 17:26:28'
}
{
  message: 'C:\\Users\\Yasin\\OneDrive\\Masaüstü\\Web Geliştirme\\Back-End\\Örnek Projeler\\myChef\\views\\admin\\role-edit.ejs:19\n' +
    '    17|                                 <div class="col-xl-10 col-md-12 ">\r\n' +
    '    18|                                     <label class="visually-hidden" for="roleName">Role Name: </label>\r\n' +
    ' >> 19|                                     <input type="text" class="form-control" id="roleName" placeholder="Role Name" name="roleName" value="<%= role.roleName %>">\r\n' +
    '    20|                                 </div>\r\n' +
    '    21|                                 <div class="col-xl-1 col-md-12 text-center">\r\n' +
    '    22|                                     <button type="submit" class="btn btn-danger ">Create</button>\r\n' +
    '\n' +
    "Cannot read properties of null (reading 'roleName')",
  level: 'error',
  timestamp: '29/11/2023 17:27:57'
}
{
  message: 'C:\\Users\\Yasin\\OneDrive\\Masaüstü\\Web Geliştirme\\Back-End\\Örnek Projeler\\myChef\\views\\admin\\role-edit.ejs:19\n' +
    '    17|                                 <div class="col-xl-10 col-md-12 ">\r\n' +
    '    18|                                     <label class="visually-hidden" for="roleName">Role Name: </label>\r\n' +
    ' >> 19|                                     <input type="text" class="form-control" id="roleName" placeholder="Role Name" name="roleName" value="<%= role.roleName %>">\r\n' +
    '    20|                                 </div>\r\n' +
    '    21|                                 <div class="col-xl-1 col-md-12 text-center">\r\n' +
    '    22|                                     <button type="submit" class="btn btn-danger ">Create</button>\r\n' +
    '\n' +
    "Cannot read properties of null (reading 'roleName')",
  level: 'error',
  timestamp: '29/11/2023 17:28:12'
}
{
  message: "Cannot read properties of undefined (reading '_id')",
  level: 'error',
  timestamp: '01/12/2023 15:29:49'
}
{
  message: "Cannot read properties of undefined (reading '_id')",
  level: 'error',
  timestamp: '01/12/2023 15:30:41'
}
{
  message: 'product.categories[0].some is not a function',
  level: 'error',
  timestamp: '01/12/2023 15:36:47'
}
{
  message: "Cannot read properties of undefined (reading '_id')",
  level: 'error',
  timestamp: '01/12/2023 15:37:15'
}
{
  message: "Cannot read properties of undefined (reading 'some')",
  level: 'error',
  timestamp: '01/12/2023 15:38:04'
}
{
  message: 'product.categories[0]._id.some is not a function',
  level: 'error',
  timestamp: '01/12/2023 15:38:19'
}
{
  message: 'C:\\Users\\Yasin\\OneDrive\\Masaüstü\\Web Geliştirme\\Back-End\\Örnek Projeler\\myChef\\views\\admin\\product-edit.ejs:52\n' +
    '    50|                                         <input class="form-check-input" type="checkbox"  id="category_<%= category._id %>" value="<%= category._id %>" name="categories[]" <% for (const cat of product.categories) { %>\r\n' +
    '    51|                                             <% const catIdString = cat._id.toString(); %>\r\n' +
    ' >> 52|                                             <% if (catIdStrings.includes(category._id.toString())) { %>\r\n' +
    '    53|                                                 checked\r\n' +
    '    54|                                             <% } %>\r\n' +
    '    55|                                         <% } %>>\r\n' +
    '\n' +
    'catIdStrings is not defined',
  level: 'error',
  timestamp: '01/12/2023 16:43:51'
}
{
  message: 'Category.find is not a function',
  level: 'error',
  timestamp: '02/12/2023 12:26:22'
}
{
  message: 'Failed to lookup view "user/product-list" in views directory "C:\\Users\\Yasin\\OneDrive\\Masaüstü\\Web Geliştirme\\Back-End\\Örnek Projeler\\myChef\\views"',
  level: 'error',
  timestamp: '02/12/2023 12:55:18'
}
{
  message: "Cannot read properties of undefined (reading 'products')",
  level: 'error',
  timestamp: '02/12/2023 13:10:55'
}
{
  message: "Cannot read properties of undefined (reading 'products')",
  level: 'error',
  timestamp: '02/12/2023 13:11:34'
}
{
  message: "Cannot read properties of undefined (reading '_id')",
  level: 'error',
  timestamp: '02/12/2023 13:11:51'
}
{
  message: 'C:\\Users\\Yasin\\OneDrive\\Masaüstü\\Web Geliştirme\\Back-End\\Örnek Projeler\\myChef\\views\\admin\\product-edit.ejs:52\n' +
    '    50|                                         <input class="form-check-input" type="checkbox"  id="category_<%= category._id %>" value="<%= category._id %>" name="categories[]" <% for (const cat of product.categories) { %>\r\n' +
    '    51|                                             <% const catIdString = cat._id.toString(); %>\r\n' +
    ' >> 52|                                             <% if (catIdStrings.includes(category._id.toString())) { %>\r\n' +
    '    53|                                                 checked\r\n' +
    '    54|                                             <% } %>\r\n' +
    '    55|                                         <% } %>>\r\n' +
    '\n' +
    'catIdStrings is not defined',
  level: 'error',
  timestamp: '02/12/2023 13:12:43'
}
{
  message: 'role_id is not defined',
  level: 'error',
  timestamp: '02/12/2023 14:01:53'
}
{
  message: 'role_id is not defined',
  level: 'error',
  timestamp: '02/12/2023 14:02:17'
}
{
  message: 'role_id is not defined',
  level: 'error',
  timestamp: '02/12/2023 14:03:04'
}
{
  message: 'role_id is not defined',
  level: 'error',
  timestamp: '02/12/2023 14:03:21'
}
{
  message: 'role is not defined',
  level: 'error',
  timestamp: '02/12/2023 14:05:02'
}
{
  message: 'C:\\Users\\Yasin\\OneDrive\\Masaüstü\\Web Geliştirme\\Back-End\\Örnek Projeler\\myChef\\views\\admin\\product-edit.ejs:52\n' +
    '    50|                                         <input class="form-check-input" type="checkbox"\r\n' +
    '    51|                                           id="category_<%= category._id %>" value="<%= category._id %>" name="categories[]"\r\n' +
    ' >> 52|                                           <%= product.categories.some(cat=>(cat._id.toString()===category._id.toString()) ? checked:"") %> >\r\n' +
    '    53|                                         <label class="form-check-label" for="category_<%= category._id %>"><%= category.categoryName %></label>\r\n' +
    '    54|                                     </div>\r\n' +
    '    55|                                 <% }) %>\r\n' +
    '\n' +
    'checked is not defined',
  level: 'error',
  timestamp: '02/12/2023 14:24:53'
}
{
  message: 'C:\\Users\\Yasin\\OneDrive\\Masaüstü\\Web Geliştirme\\Back-End\\Örnek Projeler\\myChef\\views\\admin\\products.ejs:37\n' +
    '    35|                                         </td>\r\n' +
    '    36|                                         <td><p><%= product.productName %></p></td>\r\n' +
    ' >> 37|                                         <td><% for (let category of product.categories) { %>\r\n' +
    '    38|                                             <li><%= category.categoryName %></li>\r\n' +
    '    39|                                           <% } %></td>\r\n' +
    '    40|                                         <td><%= product.productPrice %></td>\r\n' +
    '\n' +
    'product.categories is not iterable',
  level: 'error',
  timestamp: '02/12/2023 15:09:13'
}
{
  message: 'C:\\Users\\Yasin\\OneDrive\\Masaüstü\\Web Geliştirme\\Back-End\\Örnek Projeler\\myChef\\views\\auth\\register.ejs:49\n' +
    '    47|                                 </div>\r\n' +
    '    48|                             </div>\r\n' +
    ' >> 49|                             <% if (isAccept=="on") { %>                             \r\n' +
    '    50|                                 <div class="buttons text-center">\r\n' +
    '    51|                                     <button type="submit" class="btn btn-danger">Sign Up</button>\r\n' +
    '    52|                                 </div>\r\n' +
    '\n' +
    'isAccept is not defined',
  level: 'error',
  timestamp: '04/12/2023 14:48:36'
}
{
  message: 'C:\\Users\\Yasin\\OneDrive\\Masaüstü\\Web Geliştirme\\Back-End\\Örnek Projeler\\myChef\\views\\auth\\register.ejs:49\n' +
    '    47|                                 </div>\r\n' +
    '    48|                             </div>\r\n' +
    ' >> 49|                             <% if (isAccept==checked) { %>                             \r\n' +
    '    50|                                 <div class="buttons text-center">\r\n' +
    '    51|                                     <button type="submit" class="btn btn-danger">Sign Up</button>\r\n' +
    '    52|                                 </div>\r\n' +
    '\n' +
    'isAccept is not defined',
  level: 'error',
  timestamp: '04/12/2023 14:48:57'
}
{
  message: 'C:\\Users\\Yasin\\OneDrive\\Masaüstü\\Web Geliştirme\\Back-End\\Örnek Projeler\\myChef\\views\\auth\\register.ejs:18\n' +
    '    16|                             <div class="mb-3">\r\n' +
    '    17|                               <label for="fullname" class="form-label">Fullname:</label>\r\n' +
    ' >> 18|                               <input type="text" class="form-control" id="fullname" name="fullname" value="<%= fullname %>">\r\n' +
    '    19|                             </div>\r\n' +
    '    20|                             <div class="mb-3">\r\n' +
    '    21|                                 <label for="email" class="form-label">E-Mail:</label>\r\n' +
    '\n' +
    'fullname is not defined',
  level: 'error',
  timestamp: '04/12/2023 15:21:22'
}
{
  message: 'Cannot populate path `Role` because it is not in your schema. Set the `strictPopulate` option to false to override.',
  level: 'error',
  timestamp: '04/12/2023 16:28:46'
}
{
  message: 'Operation `users.findOne()` buffering timed out after 10000ms',
  level: 'error',
  timestamp: '04/12/2023 17:07:13'
}
{
  message: 'C:\\Users\\Yasin\\OneDrive\\Masaüstü\\Web Geliştirme\\Back-End\\Örnek Projeler\\myChef\\views\\admin\\users.ejs:7\n' +
    '    5| </head>\r\n' +
    '    6| <body>\r\n' +
    " >> 7|     <%- include('../partials/navbar') %>\r\n" +
    '    8|     <div class="container">\r\n' +
    '    9|         <div class="row m-5">\r\n' +
    '    10|             <div class="col-12">\r\n' +
    '\n' +
    'C:\\Users\\Yasin\\OneDrive\\Masaüstü\\Web Geliştirme\\Back-End\\Örnek Projeler\\myChef\\views\\partials\\navbar.ejs:12\n' +
    '    10|             <a class="nav-link" aria-current="page" href="/menu">Menu</a>\r\n' +
    '    11|           </li>\r\n' +
    ' >> 12|           <% if (isAuth) { %>           \r\n' +
    '    13|             <li class="nav-item">\r\n' +
    '    14|               <a class="nav-link" aria-current="page" href="/admin/categories">Categories</a>\r\n' +
    '    15|             </li>\r\n' +
    '\n' +
    'isAuth is not defined',
  level: 'error',
  timestamp: '04/12/2023 17:17:11'
}
{
  message: 'C:\\Users\\Yasin\\OneDrive\\Masaüstü\\Web Geliştirme\\Back-End\\Örnek Projeler\\myChef\\views\\admin\\users.ejs:7\n' +
    '    5| </head>\r\n' +
    '    6| <body>\r\n' +
    " >> 7|     <%- include('../partials/navbar') %>\r\n" +
    '    8|     <div class="container">\r\n' +
    '    9|         <div class="row m-5">\r\n' +
    '    10|             <div class="col-12">\r\n' +
    '\n' +
    'C:\\Users\\Yasin\\OneDrive\\Masaüstü\\Web Geliştirme\\Back-End\\Örnek Projeler\\myChef\\views\\partials\\navbar.ejs:12\n' +
    '    10|             <a class="nav-link" aria-current="page" href="/menu">Menu</a>\r\n' +
    '    11|           </li>\r\n' +
    ' >> 12|           <% if (isAuth) { %>           \r\n' +
    '    13|             <li class="nav-item">\r\n' +
    '    14|               <a class="nav-link" aria-current="page" href="/admin/categories">Categories</a>\r\n' +
    '    15|             </li>\r\n' +
    '\n' +
    'isAuth is not defined',
  level: 'error',
  timestamp: '04/12/2023 17:18:44'
}
{
  message: 'Failed to lookup view "aauth/reset-password" in views directory "C:\\Users\\Yasin\\OneDrive\\Masaüstü\\Web Geliştirme\\Back-End\\Örnek Projeler\\myChef\\views"',
  level: 'error',
  timestamp: '04/12/2023 17:54:48'
}
{
  message: 'Failed to lookup view "aauth/reset-password" in views directory "C:\\Users\\Yasin\\OneDrive\\Masaüstü\\Web Geliştirme\\Back-End\\Örnek Projeler\\myChef\\views"',
  level: 'error',
  timestamp: '04/12/2023 17:54:48'
}
{
  message: 'C:\\Users\\Yasin\\OneDrive\\Masaüstü\\Web Geliştirme\\Back-End\\Örnek Projeler\\myChef\\views\\auth\\reset-password.ejs:8\n' +
    '    6| <body>\r\n' +
    '    7| \r\n' +
    " >> 8|     <%- include('../partials/nav') %>\r\n" +
    '    9|     \r\n' +
    '    10|     <div class="container d-flex align-items-center justify-content-center" style="height: 100vh;">\r\n' +
    '    11|         <div class="row w-75">\r\n' +
    '\n' +
    'Could not find the include file "../partials/nav"',
  level: 'error',
  timestamp: '04/12/2023 17:55:21'
}
{
  message: 'Expected "payload" to be a plain object.',
  level: 'error',
  timestamp: '04/12/2023 18:42:07'
}
{
  message: 'C:\\Users\\Yasin\\OneDrive\\Masaüstü\\Web Geliştirme\\Back-End\\Örnek Projeler\\myChef\\views\\auth\\new-password.ejs:22\n' +
    '    20|                 </div>\r\n' +
    '    21|                 <form method="post" style="padding: 10px;" action="/auth/new-password">\r\n' +
    ' >> 22|                     <input type="hidden" name="userId" value="<%= user.id %>">\r\n' +
    '    23|                     <input type="hidden" name="token" value="<%= token %>">\r\n' +
    '    24|                     <div class="row mb-3">\r\n' +
    '    25|                         <label for="password" class="ms-2 col-sm-2">Password :</label>\r\n' +
    '\n' +
    'user is not defined',
  level: 'error',
  timestamp: '04/12/2023 19:02:51'
}
{
  message: 'originalUrl is not defined',
  level: 'error',
  timestamp: '04/12/2023 20:44:51'
}
{
  message: "Cannot read properties of undefined (reading 'includes')",
  level: 'error',
  timestamp: '04/12/2023 21:14:33'
}
{
  message: "Cannot read properties of undefined (reading 'includes')",
  level: 'error',
  timestamp: '05/12/2023 15:03:12'
}
{
  message: "Cannot read properties of undefined (reading 'includes')",
  level: 'error',
  timestamp: '05/12/2023 15:04:08'
}
{
  message: "Cannot read properties of undefined (reading 'includes')",
  level: 'error',
  timestamp: '05/12/2023 15:04:36'
}
{
  message: "Cannot read properties of undefined (reading 'includes')",
  level: 'error',
  timestamp: '05/12/2023 15:07:08'
}
